#
# There is insufficient memory for the Java Runtime Environment to continue.
# Native memory allocation (malloc) failed to allocate 1056496 bytes for Chunk::new
# Possible reasons:
#   The system is out of physical RAM or swap space
#   In 32 bit mode, the process size limit was hit
# Possible solutions:
#   Reduce memory load on the system
#   Increase physical memory or swap space
#   Check if swap backing store is full
#   Use 64 bit Java on a 64 bit OS
#   Decrease Java heap size (-Xmx/-Xms)
#   Decrease number of Java threads
#   Decrease Java thread stack sizes (-Xss)
#   Set larger code cache with -XX:ReservedCodeCacheSize=
# This output file may be truncated or incomplete.
#
#  Out of Memory Error (allocation.cpp:390), pid=7300, tid=0x00000000000024ec
#
# JRE version: OpenJDK Runtime Environment (8.0_152-b01) (build 1.8.0_152-release-915-b01)
# Java VM: OpenJDK 64-Bit Server VM (25.152-b01 mixed mode windows-amd64 compressed oops)
# Failed to write core dump. Minidumps are not enabled by default on client versions of Windows
#

---------------  T H R E A D  ---------------

Current thread (0x0000000056770800):  JavaThread "C2 CompilerThread0" daemon [_thread_in_native, id=9452, stack(0x0000000058000000,0x0000000058100000)]

Stack: [0x0000000058000000,0x0000000058100000]
[error occurred during error reporting (printing stack bounds), id 0xc0000005]

Native frames: (J=compiled Java code, j=interpreted, Vv=VM code, C=native code)


Current CompileTask:
C2:  36826 4675   !   4       com.sun.beans.TypeResolver::resolve (274 bytes)


---------------  P R O C E S S  ---------------

Java Threads: ( => current thread )
  0x0000000059999000 JavaThread "Memory manager" [_thread_blocked, id=4236, stack(0x00000000616d0000,0x00000000617d0000)]
  0x0000000059998800 JavaThread "pool-1-thread-1" [_thread_blocked, id=8688, stack(0x0000000061360000,0x0000000061460000)]
  0x0000000059997800 JavaThread "build operations Thread 8" [_thread_blocked, id=8032, stack(0x0000000060e60000,0x0000000060f60000)]
  0x0000000059997000 JavaThread "build operations Thread 7" [_thread_blocked, id=1752, stack(0x0000000058100000,0x0000000058200000)]
  0x0000000059996000 JavaThread "build operations Thread 6" [_thread_blocked, id=6928, stack(0x0000000060c40000,0x0000000060d40000)]
  0x0000000059995800 JavaThread "build operations Thread 5" [_thread_blocked, id=9304, stack(0x0000000060a20000,0x0000000060b20000)]
  0x0000000059994800 JavaThread "build operations Thread 4" [_thread_blocked, id=7520, stack(0x00000000608a0000,0x00000000609a0000)]
  0x0000000059994000 JavaThread "build operations Thread 3" [_thread_blocked, id=9320, stack(0x0000000060790000,0x0000000060890000)]
  0x0000000059993000 JavaThread "build operations Thread 2" [_thread_blocked, id=4304, stack(0x00000000605f0000,0x00000000606f0000)]
  0x0000000059992800 JavaThread "build operations" [_thread_blocked, id=8520, stack(0x000000005ea40000,0x000000005eb40000)]
  0x0000000059990000 JavaThread "Cache worker for Artifact transforms cache (C:\Users\G\.gradle\caches\transforms-1)" [_thread_blocked, id=4360, stack(0x000000005d660000,0x000000005d760000)]
  0x0000000059f3e000 JavaThread "Cache worker for file hash cache (C:\Users\G\AndroidStudioProjects\ud843_DidYouFeelIt-starting-point\.gradle\4.1\fileHashes)" [_thread_blocked, id=4308, stack(0x000000005c390000,0x000000005c490000)]
  0x0000000059a9b800 JavaThread "File lock request listener" [_thread_in_native, id=5008, stack(0x000000005aae0000,0x000000005abe0000)]
  0x0000000059734000 JavaThread "Cache worker for file hash cache (C:\Users\G\.gradle\caches\4.1\fileHashes)" [_thread_blocked, id=1784, stack(0x000000005af30000,0x000000005b030000)]
  0x0000000059593800 JavaThread "Stdin handler" [_thread_blocked, id=7552, stack(0x000000005ada0000,0x000000005aea0000)]
  0x00000000567d0800 JavaThread "Asynchronous log dispatcher for DefaultDaemonConnection: socket connection from /127.0.0.1:3014 to /127.0.0.1:3015" [_thread_blocked, id=8616, stack(0x000000005ac20000,0x000000005ad20000)]
  0x00000000567d0000 JavaThread "Daemon worker" [_thread_in_Java, id=9080, stack(0x000000005a940000,0x000000005aa40000)]
  0x00000000567cf000 JavaThread "Cancel handler" [_thread_blocked, id=7644, stack(0x0000000058310000,0x0000000058410000)]
  0x0000000056974000 JavaThread "Handler for socket connection from /127.0.0.1:3014 to /127.0.0.1:3015" [_thread_in_native, id=5116, stack(0x000000005a600000,0x000000005a700000)]
  0x0000000059749000 JavaThread "Daemon" [_thread_blocked, id=5012, stack(0x0000000057c10000,0x0000000057d10000)]
  0x0000000058d86000 JavaThread "Daemon periodic checks" [_thread_blocked, id=7492, stack(0x000000005a500000,0x000000005a600000)]
  0x0000000059e25000 JavaThread "Incoming local TCP Connector on port 3014" [_thread_in_native, id=8800, stack(0x000000005a310000,0x000000005a410000)]
  0x00000000567df800 JavaThread "Service Thread" daemon [_thread_blocked, id=7940, stack(0x0000000058480000,0x0000000058580000)]
  0x00000000567d8800 JavaThread "C1 CompilerThread3" daemon [_thread_blocked, id=7532, stack(0x0000000058200000,0x0000000058300000)]
  0x00000000567d8000 JavaThread "C2 CompilerThread2" daemon [_thread_in_native, id=8940, stack(0x00000000576d0000,0x00000000577d0000)]
  0x00000000567d5000 JavaThread "C2 CompilerThread1" daemon [_thread_in_native, id=7408, stack(0x00000000578e0000,0x00000000579e0000)]
=>0x0000000056770800 JavaThread "C2 CompilerThread0" daemon [_thread_in_native, id=9452, stack(0x0000000058000000,0x0000000058100000)]
  0x000000005676f000 JavaThread "Attach Listener" daemon [_thread_blocked, id=7904, stack(0x0000000057ee0000,0x0000000057fe0000)]
  0x000000005676d000 JavaThread "Signal Dispatcher" daemon [_thread_blocked, id=9220, stack(0x0000000057d10000,0x0000000057e10000)]
  0x00000000555ac000 JavaThread "Finalizer" daemon [_thread_blocked, id=9072, stack(0x0000000057b10000,0x0000000057c10000)]
  0x00000000555a5000 JavaThread "Reference Handler" daemon [_thread_blocked, id=5100, stack(0x0000000057a10000,0x0000000057b10000)]
  0x00000000020fe800 JavaThread "main" [_thread_blocked, id=8456, stack(0x0000000002530000,0x0000000002630000)]

Other Threads:
  0x0000000056721800 VMThread [stack: 0x00000000577e0000,0x00000000578e0000] [id=8824]
  0x00000000567e1800 WatcherThread [stack: 0x0000000058600000,0x0000000058700000] [id=8428]

VM state:not at safepoint (normal execution)

VM Mutex/Monitor currently owned by a thread: None

Heap:
 PSYoungGen      total 135168K, used 109067K [0x00000000eab00000, 0x00000000fac80000, 0x0000000100000000)
  eden space 123904K, 88% used [0x00000000eab00000,0x00000000f1582d98,0x00000000f2400000)
  from space 11264K, 0% used [0x00000000f2400000,0x00000000f2400000,0x00000000f2f00000)
  to   space 12288K, 0% used [0x00000000fa080000,0x00000000fa080000,0x00000000fac80000)
 ParOldGen       total 58880K, used 16181K [0x00000000c0000000, 0x00000000c3980000, 0x00000000eab00000)
  object space 58880K, 27% used [0x00000000c0000000,0x00000000c0fcd420,0x00000000c3980000)
 Metaspace       used 41984K, capacity 42956K, committed 43136K, reserved 1087488K
  class space    used 5641K, capacity 5992K, committed 6016K, reserved 1048576K

Card table byte_map: [0x0000000011cc0000,0x0000000011ed0000] byte_map_base: 0x00000000116c0000

Marking Bits: (ParMarkBitMap*) 0x0000000064ba3950
 Begin Bits: [0x00000000129c0000, 0x00000000139c0000)
 End Bits:   [0x00000000139c0000, 0x00000000149c0000)

Polling page: 0x0000000000330000

CodeCache: size=245760Kb used=14766Kb max_used=14818Kb free=230993Kb
 bounds [0x0000000002900000, 0x0000000003790000, 0x0000000011900000]
 total_blobs=4876 nmethods=4153 adapters=633
 compilation: enabled

Compilation events (10 events):
Event: 36.493 Thread 0x00000000567d8000 nmethod 4685 0x0000000002d97f10 code [0x0000000002d98080, 0x0000000002d98348]
Event: 36.493 Thread 0x00000000567d8000 4686       4       java.lang.reflect.Method::getTypeParameters (26 bytes)
Event: 36.502 Thread 0x00000000567d8000 nmethod 4686 0x0000000002dabdd0 code [0x0000000002dabf40, 0x0000000002dac3c8]
Event: 36.786 





=