#
# There is insufficient memory for the Java Runtime Environment to continue.
# Native memory allocation (malloc) failed to allocate 410176 bytes for Chunk::new
# Possible reasons:
#   The system is out of physical RAM or swap space
#   In 32 bit mode, the process size limit was hit
# Possible solutions:
#   Reduce memory load on the system
#   Increase physical memory or swap space
#   Check if swap backing store is full
#   Use 64 bit Java on a 64 bit OS
#   Decrease Java heap size (-Xmx/-Xms)
#   Decrease number of Java threads
#   Decrease Java thread stack sizes (-Xss)
#   Set larger code cache with -XX:ReservedCodeCacheSize=
# This output file may be truncated or incomplete.
#
#  Out of Memory Error (allocation.cpp:390), pid=7480, tid=0x0000000000002114
#
# JRE version: OpenJDK Runtime Environment (8.0_152-b01) (build 1.8.0_152-release-915-b01)
# Java VM: OpenJDK 64-Bit Server VM (25.152-b01 mixed mode windows-amd64 compressed oops)
# Failed to write core dump. Minidumps are not enabled by default on client versions of Windows
#

---------------  T H R E A D  ---------------

Current thread (0x0000000057a10000):  JavaThread "C2 CompilerThread1" daemon [_thread_in_native, id=8468, stack(0x0000000059270000,0x0000000059370000)]

Stack: [0x0000000059270000,0x0000000059370000]
[error occurred during error reporting (printing stack bounds), id 0xc0000005]

Native frames: (J=compiled Java code, j=interpreted, Vv=VM code, C=native code)


Current CompileTask:
C2:12816597 12831       4       org.gradle.internal.classloader.FilteringClassLoader::classAllowed (135 bytes)


---------------  P R O C E S S  ---------------

Java Threads: ( => current thread )
  0x000000005aee2800 JavaThread "stdout" daemon [_thread_in_native, id=10156, stack(0x0000000069e60000,0x0000000069f60000)]
  0x000000005aee1800 JavaThread "stderr" daemon [_thread_in_native, id=8536, stack(0x0000000069c80000,0x0000000069d80000)]
  0x000000005aee1000 JavaThread "stdout" daemon [_thread_in_native, id=4172, stack(0x0000000069990000,0x0000000069a90000)]
  0x000000005aee0000 JavaThread "stderr" daemon [_thread_in_native, id=7976, stack(0x0000000069860000,0x0000000069960000)]
  0x000000005aedf800 JavaThread "stdout" daemon [_thread_in_native, id=9704, stack(0x0000000068ff0000,0x00000000690f0000)]
  0x000000005dffa000 JavaThread "stderr" daemon [_thread_in_native, id=7464, stack(0x00000000695a0000,0x00000000696a0000)]
  0x000000005dff9800 JavaThread "stdout" daemon [_thread_in_native, id=7496, stack(0x00000000696a0000,0x00000000697a0000)]
  0x000000005dff8800 JavaThread "stderr" daemon [_thread_in_native, id=9336, stack(0x0000000069480000,0x0000000069580000)]
  0x000000005dff8000 JavaThread "stdout" daemon [_thread_in_native, id=8288, stack(0x0000000066760000,0x0000000066860000)]
  0x000000005dff7000 JavaThread "stderr" daemon [_thread_in_native, id=8376, stack(0x00000000692d0000,0x00000000693d0000)]
  0x000000005dff6800 JavaThread "stdout" daemon [_thread_in_native, id=8268, stack(0x00000000690f0000,0x00000000691f0000)]
  0x000000005dff5800 JavaThread "stderr" daemon [_thread_in_native, id=9888, stack(0x00000000678d0000,0x00000000679d0000)]
  0x000000005dff5000 JavaThread "stdout" daemon [_thread_in_native, id=8180, stack(0x0000000068ec0000,0x0000000068fc0000)]
  0x000000005dff4000 JavaThread "stderr" daemon [_thread_in_native, id=9060, stack(0x0000000068d90000,0x0000000068e90000)]
  0x000000005dff3800 JavaThread "stdout" daemon [_thread_in_native, id=9876, stack(0x0000000068bd0000,0x0000000068cd0000)]
  0x000000005a1fa800 JavaThread "stderr" daemon [_thread_in_native, id=9520, stack(0x0000000067630000,0x0000000067730000)]
  0x000000005a1f9800 JavaThread "queued-resource-processor_16" daemon [_thread_blocked, id=6252, stack(0x00000000677b0000,0x00000000678b0000)]
  0x000000005a1f9000 JavaThread "queued-resource-processor_15" daemon [_thread_blocked, id=9196, stack(0x0000000067510000,0x0000000067610000)]
  0x000000005a1f8000 JavaThread "queued-resource-processor_14" daemon [_thread_blocked, id=8780, stack(0x0000000067330000,0x0000000067430000)]
  0x000000005a1f7800 JavaThread "queued-resource-processor_13" daemon [_thread_blocked, id=7712, stack(0x0000000066990000,0x0000000066a90000)]
  0x000000005a1f6800 JavaThread "queued-resource-processor_12" daemon [_thread_blocked, id=184, stack(0x00000000664f0000,0x00000000665f0000)]
  0x000000005a1f6000 JavaThread "queued-resource-processor_11" daemon [_thread_blocked, id=7884, stack(0x0000000059380000,0x0000000059480000)]
  0x000000005a1f5000 JavaThread "queued-resource-processor_10" daemon [_thread_blocked, id=8260, stack(0x0000000066860000,0x0000000066960000)]
  0x000000005a1f4800 JavaThread "queued-resource-processor_9" daemon [_thread_blocked, id=3624, stack(0x0000000066660000,0x0000000066760000)]
  0x00000000620da000 JavaThread "Task worker for ':' Thread 7" [_thread_blocked, id=4708, stack(0x00000000661f0000,0x00000000662f0000)]
  0x00000000620d9000 JavaThread "Task worker for ':' Thread 6" [_thread_blocked, id=9768, stack(0x0000000066010000,0x0000000066110000)]
  0x0000000061cc3000 JavaThread "Task worker for ':' Thread 5" [_thread_blocked, id=9860, stack(0x0000000065f10000,0x0000000066010000)]
  0x0000000061cc5800 JavaThread "Task worker for ':' Thread 4" [_thread_blocked, id=8452, stack(0x0000000065e00000,0x0000000065f00000)]
  0x0000000061cc1000 JavaThread "Task worker for ':' Thread 3" [_thread_blocked, id=8204, stack(0x0000000064b50000,0x0000000064c50000)]
  0x0000000061cc2800 JavaThread "Task worker for ':' Thread 2" [_thread_blocked, id=6720, stack(0x0000000065910000,0x0000000065a10000)]
  0x0000000061cc1800 JavaThread "Task worker for ':'" [_thread_in_Java, id=9720, stack(0x0000000065c80000,0x0000000065d80000)]
  0x0000000061cc7000 JavaThread "Cache worker for task history cache (C:\Users\G\AndroidStudioProjects\GMovie\.gradle\4.1\taskHistory)" [_thread_blocked, id=9884, stack(0x0000000065710000,0x0000000065810000)]
  0x0000000061cc6000 JavaThread "Cache worker for file content cache (C:\Users\G\AndroidStudioProjects\GMovie\.gradle\4.1\fileContent)" [_thread_blocked, id=9584, stack(0x0000000065140000,0x0000000065240000)]
  0x000000005bfc4800 JavaThread "build operations Thread 8" [_thread_blocked, id=9528, stack(0x00000000635c0000,0x00000000636c0000)]
  0x000000005bfc4000 JavaThread "build operations Thread 7" [_thread_blocked, id=9408, stack(0x00000000630f0000,0x00000000631f0000)]
  0x000000005bfbe800 JavaThread "build operations Thread 6" [_thread_blocked, id=9568, stack(0x0000000062e10000,0x0000000062f10000)]
  0x000000005bfbf800 JavaThread "build operations Thread 5" [_thread_blocked, id=5500, stack(0x0000000062f10000,0x0000000063010000)]
  0x000000005bfc1000 JavaThread "build operations Thread 4" [_thread_blocked, id=9560, stack(0x000000005d490000,0x000000005d590000)]
  0x000000005bfc0000 JavaThread "build operations Thread 3" [_thread_blocked, id=9480, stack(0x0000000062a00000,0x0000000062b00000)]
  0x000000005bfc2800 JavaThread "build operations Thread 2" [_thread_blocked, id=3040, stack(0x0000000062c90000,0x0000000062d90000)]
  0x000000005bfc1800 JavaThread "build operations" [_thread_blocked, id=7236, stack(0x0000000062b20000,0x0000000062c20000)]
  0x000000005bb59000 JavaThread "Cache worker for Artifact transforms cache (C:\Users\G\.gradle\caches\transforms-1)" [_thread_blocked, id=8528, stack(0x000000005eb20000,0x000000005ec20000)]
  0x000000005bb5c800 JavaThread "Cache worker for file hash cache (C:\Users\G\AndroidStudioProjects\GMovie\.gradle\4.1\fileHashes)" [_thread_blocked, id=10140, stack(0x000000005a200000,0x000000005a300000)]
  0x000000005bb5b000 JavaThread "Stdin handler" [_thread_blocked, id=9392, stack(0x000000005fc20000,0x000000005fd20000)]
  0x000000005bb52800 JavaThread "Asynchronous log dispatcher for DefaultDaemonConnection: socket connection from /127.0.0.1:1375 to /127.0.0.1:2171" [_thread_blocked, id=8504, stack(0x000000005d000000,0x000000005d100000)]
  0x000000005bb4f000 JavaThread "Daemon worker Thread 3" [_thread_blocked, id=6044, stack(0x000000005c6a0000,0x000000005c7a0000)]
  0x000000005bb54000 JavaThread "Cancel handler" [_thread_blocked, id=10212, stack(0x000000005cea0000,0x000000005cfa0000)]
  0x000000005bb53800 JavaThread "Handler for socket connection from /127.0.0.1:1375 to /127.0.0.1:2171" [_thread_in_native, id=2656, stack(0x000000005c990000,0x000000005ca90000)]
  0x000000005bb55800 JavaThread "Daemon Thread 3" [_thread_blocked, id=10220, stack(0x000000005ccc0000,0x000000005cdc0000)]
  0x000000005bb58000 JavaThread "Memory manager" [_thread_blocked, id=9128, stack(0x0000000063bb0000,0x0000000063cb0000)]
  0x000000005bb57800 JavaThread "pool-1-thread-1" [_thread_blocked, id=9100, stack(0x0000000063470000,0x0000000063570000)]
  0x0000000059cd9800 JavaThread "File lock request listener" [_thread_in_native, id=8844, stack(0x000000005d5d0000,0x000000005d6d0000)]
  0x000000005a3e2000 JavaThread "Cache worker for file hash cache (C:\Users\G\.gradle\caches\4.1\fileHashes)" [_thread_blocked, id=8752, stack(0x000000005d380000,0x000000005d480000)]
  0x000000005aa31800 JavaThread "Daemon periodic checks" [_thread_blocked, id=8600, stack(0x000000005c7c0000,0x000000005c8c0000)]
  0x000000005aa27800 JavaThread "Incoming local TCP Connector on port 1375" [_thread_in_native, id=8584, stack(0x000000005c540000,0x000000005c640000)]
  0x0000000057a87800 JavaThread "Service Thread" daemon [_thread_blocked, id=8480, stack(0x0000000059700000,0x0000000059800000)]
  0x0000000057a81000 JavaThread "C1 CompilerThread3" daemon [_thread_blocked, id=8476, stack(0x0000000059140000,0x0000000059240000)]
  0x0000000057a11000 JavaThread "C2 CompilerThread2" daemon [_thread_blocked, id=8472, stack(0x0000000059490000,0x0000000059590000)]
=>0x0000000057a10000 JavaThread "C2 CompilerThread1" daemon [_thread_in_native, id=8468, stack(0x0000000059270000,0x0000000059370000)]
  0x0000000057a09800 JavaThread "C2 CompilerThread0" daemon [_thread_blocked, id=8464, stack(0x0000000058fe0000,0x00000000590e0000)]
  0x0000000057a08000 JavaThread "Attach Listener" daemon [_thread_blocked, id=8460, stack(0x0000000058bf0000,0x0000000058cf0000)]
  0x0000000057a06800 JavaThread "Signal Dispatcher" daemon [_thread_blocked, id=8456, stack(0x0000000058e60000,0x0000000058f60000)]
  0x0000000056a6e000 JavaThread "Finalizer" daemon [_thread_blocked, id=8356, stack(0x0000000058d10000,0x0000000058e10000)]
  0x0000000056a67000 JavaThread "Reference Handler" daemon [_thread_blocked, id=8352, stack(0x0000000058910000,0x0000000058a10000)]
  0x00000000020ee800 JavaThread "main" [_thread_blocked, id=8280, stack(0x0000000002270000,0x0000000002370000)]

Other Threads:
  0x00000000579c1800 VMThread [stack: 0x0000000058a60000,0x0000000058b60000] [id=8348]
  0x0000000057a8a000 WatcherThread [stack: 0x0000000059900000,0x0000000059a00000] [id=8484]

VM state:not at safepoint (normal execution)

VM Mutex/Monitor currently owned by a thread: None

Heap:
 PSYoungGen      total 493568K, used 92191K [0x00000000e0000000, 0x0000000100000000, 0x0000000100000000)
  eden space 464384K, 15% used [0x00000000e0000000,0x00000000e4589ea8,0x00000000fc580000)
  from space 29184K, 71% used [0x00000000fc580000,0x00000000fd9fdd80,0x00000000fe200000)
  to   space 30208K, 0% used [0x00000000fe280000,0x00000000fe280000,0x0000000100000000)
 ParOldGen       total 108544K, used 57735K [0x00000000a0000000, 0x00000000a6a00000, 0x00000000e0000000)
  object space 108544K, 53% used [0x00000000a0000000,0x00000000a3861ef8,0x00000000a6a00000)
 Metaspace       used 69120K, capacity 73252K, committed 73472K, reserved 1112064K
  class space    used 9130K, capacity 10167K, committed 10240K, reserved 1048576K

Card table byte_map: [0x0000000011ab0000,0x0000000011dc0000] byte_map_base: 0x00000000115b0000

Marking Bits: (ParMarkBitMap*) 0x0000000067263950
 Begin Bits: [0x0000000012d80000, 0x0000000014580000)
 End Bits:   [0x0000000014580000, 0x0000000015d80000)

Polling page: 0x0000000000430000

CodeCache: size=245760Kb used=36322Kb max_used=36331Kb free=209437Kb
 bounds [0x00000000026f0000, 0x0000000004aa0000, 0x00000000116f0000]
 total_blobs=11460 nmethods=10638 adapters=733
 compilation: enabled

Compilation events (10 events):
Event: 12813.374 Thread 0x0000000057a81000 12826       3       com.google.common.collect.Tables::immutableCell (11 bytes)
Event: 12813.374 Thread 0x0000000057a81000 nmethod 12826 0x0000000004a88550 code [0x0000000004a886c0, 0x0000000004a88990]
Event: 12813.374 Thread 0x0000000057a81000 12827       3       com.google.common.collect.Tables$ImmutableCell::<init> (20 bytes)
Event: 12813.375 Thread 0x0000000057a81000 nmethod 12827 0x0000000004a88b10 code [0x0000000004a88c80, 0x0000000004a88ed0]
Event: 12813.375 Thread 0x0000000057a81000 12828       3       com.google.common.collect.Tables$AbstractCell::<init> (5 bytes)
Event: 12813.375 Thread 0x0000000057a81000 nmethod 12828 0x0000000004a88fd0 code [0x0000000004a89120, 0x0000000004a892d0]
Event: 12813.375 Thread 0x0000000057a81000 12829       3       com.google.common.collect.ImmutableTable$Builder::put (78 bytes)
Event: 12813.375 Thread 0x0000000057a10000 12831       4       org.gradle.internal.classloader.FilteringClassLoader::classAllowed (135 bytes)
Event: 12813.375 Thread 0x0000000057a11000 nmethod 12830 0x0000000004a8c090 code [0x0000000004a8c1e0, 0x0000000004a8c2d8]
Event: 12813.375 Thread 0x0000000057a81000 nmethod 12829 0x0000000004a89ed0 code [0x0000000004a8a1a0, 0x0000000004a8b578]

GC Heap History (10 events):
Event: 54.730 GC heap before
{Heap before GC invocations=10 (full 2):
 PSYoungGen      total 248832K, used 248824K [0x00000000e0000000, 0x00000000fce00000, 0x0000000100000000)
  eden space 235520K, 100% used [0x00000000e0000000,0x00000000ee600000,0x00000000ee600000)
  from space 13312K, 99% used [0x00000000ee600000,0x00000000ef2fe3f8,0x00000000ef300000)
  to   space 18432K, 0% used [0x00000000fbc00000,0x00000000fbc00000,0x00000000fce00000)
 ParOldGen       total 66048K, used 23507K [0x00000000a0000000, 0x00000000a4080000, 0x00000000e0000000)
  object space 66048K, 35% used [0x00000000a0000000,0x00000000a16f4f20,0x00000000a4080000)
 Metaspace       used 54380K, capacity 56376K, committed 56704K, reserved 1097728K
  class space    used 7448K, capacity 7974K, committed 8064K, reserved 1048576K
Event: 56.816 GC heap after
Heap after GC invocations=10 (full 2):
 PSYoungGen      total 445440K, used 18400K [0x00000000e0000000, 0x00000000fea00000, 0x0000000100000000)
  eden space 427008K, 0% used [0x00000000e0000000,0x00000000e0000000,0x00000000fa100000)
  from space 18432K, 99% used [0x00000000fbc00000,0x00000000fcdf8200,0x00000000fce00000)
  to   space 27648K, 0% used [0x00000000fa100000,0x00000000fa100000,0x00000000fbc00000)
 ParOldGen       total 66048K, used 38935K [0x00000000a0000000, 0x00000000a4080000, 0x00000000e0000000)
  object space 66048K, 58% used [0x00000000a0000000,0x00000000a2605f00,0x00000000a4080000)
 Metaspace       used 54380K, capacity 56376K, committed 56704K, reserved 1097728K
  class space    used 7448K, capacity 7974K, committed 8064K, reserved 1048576K
}
Event: 65.775 GC heap before
{Heap before GC invocations=11 (full 2):
 PSYoungGen      total 445440K, used 83252K [0x00000000e0000000, 0x00000000fea00000, 0x0000000100000000)
  eden space 427008K, 15% used [0x00000000e0000000,0x00000000e3f54eb8,0x00000000fa100000)
  from space 18432K, 99% used [0x00000000fbc00000,0x00000000fcdf8200,0x00000000fce00000)
  to   space 27648K, 0% used [0x00000000fa100000,0x00000000fa100000,0x00000000fbc00000)
 ParOldGen       total 66048K, used 38935K [0x00000000a0000000, 0x00000000a4080000, 0x00000000e0000000)
  object space 66048K, 58% used [0x00000000a0000000,0x00000000a2605f00,0x00000000a4080000)
 Metaspace       used 56629K, capacity 58996K, committed 59008K, reserved 1099776K
  class space    used 7733K, capacity 8308K, committed 8320K, reserved 1048576K
Event: 65.852 GC heap after
Heap after GC invocations=11 (full 2):
 PSYoungGen      total 454656K, used 24006K [0x00000000e0000000, 0x0000000100000000, 0x0000000100000000)
  eden space 427008K, 0% used [0x00000000e0000000,0x00000000e0000000,0x00000000fa100000)
  from space 27648K, 86% used [0x00000000fa100000,0x00000000fb871948,0x00000000fbc00000)
  to   space 30720K, 0% used [0x00000000fe200000,0x00000000fe200000,0x0000000100000000)
 ParOldGen       total 66048K, used 38943K [0x00000000a0000000, 0x00000000a4080000, 0x00000000e0000000)
  object space 66048K, 58% used [0x00000000a0000000,0x00000000a2607f00,0x00000000a4080000)
 Metaspace       used 56629K, capacity 58996K, committed 59008K, reserved 1099776K
  class space    used 7733K, capacity 8308K, committed 8320K, reserved 1048576K
}
Event: 65.852 GC heap before
{Heap before GC invocations=12 (full 3):
 PSYoungGen      total 454656K, used 24006K [0x00000000e0000000, 0x0000000100000000, 0x0000000100000000)
  eden space 427008K, 0% used [0x00000000e0000000,0x00000000e0000000,0x00000000fa100000)
  from space 27648K, 86% used [0x00000000fa100000,0x00000000fb871948,0x00000000fbc00000)
  to   space 30720K, 0% used [0x00000000fe200000,0x00000000fe200000,0x0000000100000000)
 ParOldGen       total 66048K, used 38943K [0x00000000a0000000, 0x00000000a4080000, 0x00000000e0000000)
  object space 66048K, 58% used [0x00000000a0000000,0x00000000a2607f00,0x00000000a4080000)
 Metaspace       used 56629K, capacity 58996K, committed 59008K, reserved 1099776K
  class space    used 7733K, capacity 8308K, committed 8320K, reserved 1048576K
Event: 66.115 GC heap after
Heap after GC invocations=12 (full 3):
 PSYoungGen      total 454656K, used 0K [0x00000000e0000000, 0x0000000100000000, 0x0000000100000000)
  eden space 427008K, 0% used [0x00000000e0000000,0x00000000e0000000,0x00000000fa100000)
  from space 27648K, 0% used [0x00000000fa100000,0x00000000fa100000,0x00000000fbc00000)
  to   space 30720K, 0% used [0x00000000fe200000,0x00000000fe200000,0x0000000100000000)
 ParOldGen       total 108544K, used 51908K [0x00000000a0000000, 0x00000000a6a00000, 0x00000000e0000000)
  object space 108544K, 47% used [0x00000000a0000000,0x00000000a32b12f8,0x00000000a6a00000)
 Metaspace       used 56629K, capacity 58996K, committed 59008K, reserved 1099776K
  class space    used 7733K, capacity 8308K, committed 8320K, reserved 1048576K
}
Event: 8168.339 GC heap before
{Heap before GC invocations=13 (full 3):
 PSYoungGen      total 454656K, used 427008K [0x00000000e0000000, 0x0000000100000000, 0x0000000100000000)
  eden space 427008K, 100% used [0x00000000e0000000,0x00000000fa100000,0x00000000fa100000)
  from space 27648K, 0% used [0x00000000fa100000,0x00000000fa100000,0x00000000fbc00000)
  to   space 30720K, 0% used [0x00000000fe200000,0x00000000fe200000,0x0000000100000000)
 ParOldGen       total 108544K, used 51908K [0x00000000a0000000, 0x00000000a6a00000, 0x00000000e0000000)
  object space 108544K, 47% used [0x00000000a0000000,0x00000000a32b12f8,0x00000000a6a00000)
 Metaspace       used 61802K, capacity 65022K, committed 65280K, reserved 1105920K
  class space    used 8240K, capacity 9106K, committed 9216K, reserved 1048576K
Event: 8168.537 GC heap after
Heap after GC invocations=13 (full 3):
 PSYoungGen      total 495104K, used 13884K [0x00000000e0000000, 0x0000000100000000, 0x0000000100000000)
  eden space 464384K, 0% used [0x00000000e0000000,0x00000000e0000000,0x00000000fc580000)
  from space 30720K, 45% used [0x00000000fe200000,0x00000000fef8f3c8,0x0000000100000000)
  to   space 29184K, 0% used [0x00000000fc580000,0x00000000fc580000,0x00000000fe200000)
 ParOldGen       total 108544K, used 51916K [0x00000000a0000000, 0x00000000a6a00000, 0x00000000e0000000)
  object space 108544K, 47% used [0x00000000a0000000,0x00000000a32b32f8,0x00000000a6a00000)
 Metaspace       used 61802K, capacity 65022K, committed 65280K, reserved 1105920K
  class space    used 8240K, capacity 9106K, committed 9216K, reserved 1048576K
}
Event: 12786.000 GC heap before
{Heap before GC invocations=14 (full 3):
 PSYoungGen      total 495104K, used 478268K [0x00000000e0000000, 0x0000000100000000, 0x0000000100000000)
  eden space 464384K, 100% used [0x00000000e0000000,0x00000000fc580000,0x00000000fc580000)
  from space 30720K, 45% used [0x00000000fe200000,0x00000000fef8f3c8,0x0000000100000000)
  to   space 29184K, 0% used [0x00000000fc580000,0x00000000fc580000,0x00000000fe200000)
 ParOldGen       total 108544K, used 51916K [0x00000000a0000000, 0x00000000a6a00000, 0x00000000e0000000)
  object space 108544K, 47% used [0x00000000a0000000,0x00000000a32b32f8,0x00000000a6a00000)
 Metaspace       used 67325K, capacity 71280K, committed 71424K, reserved 1110016K
  class space    used 8902K, capacity 9939K, committed 9984K, reserved 1048576K
Event: 12786.114 GC heap after
Heap after GC invocations=14 (full 3):
 PSYoungGen      total 493568K, used 20983K [0x00000000e0000000, 0x0000000100000000, 0x0000000100000000)
  eden space 464384K, 0% used [0x00000000e0000000,0x00000000e0000000,0x00000000fc580000)
  from space 29184K, 71% used [0x00000000fc580000,0x00000000fd9fdd80,0x00000000fe200000)
  to   space 30208K, 0% used [0x00000000fe280000,0x00000000fe280000,0x0000000100000000)
 ParOldGen       total 108544K, used 57735K [0x00000000a0000000, 0x00000000a6a00000, 0x00000000e0000000)
  object space 108544K, 53% used [0x00000000a0000000,0x00000000a3861ef8,0x00000000a6a00000)
 Metaspace       used 67325K, capacity 71280K, committed 71424K, reserved 1110016K
  class space    used 8902K, capacity 9939K, committed 9984K, reserved 1048576K
}

Deoptimization events (10 events):
Event: 12790.972 Thread 0x0000000061cc1800 Uncommon trap: reason=class_check action=maybe_recompile pc=0x000000000432e7dc method=com.google.common.collect.AbstractMapBasedMultimap$WrappedCollection.refreshIfEmpty()V @ 40
Event: 12790.998 Thread 0x0000000061cc1800 Uncommon trap: reason=unstable_if action=reinterpret pc=0x000000000422bcc0 method=com.google.gson.stream.JsonWriter.string(Ljava/lang/String;)V @ 4
Event: 12791.000 Thread 0x0000000061cc1800 Uncommon trap: reason=class_check action=maybe_recompile pc=0x000000000432e7dc method=com.google.common.collect.AbstractMapBasedMultimap$WrappedCollection.refreshIfEmpty()V @ 40
Event: 12791.370 Thread 0x0000000061cc1800 Uncommon trap: reason=class_check action=maybe_recompile pc=0x00000000048e4b44 method=org.gradle.api.specs.NotSpec.isSatisfiedBy(Ljava/lang/Object;)Z @ 5
Event: 12791.370 Thread 0x0000000061cc1800 Uncommon trap: reason=class_check action=maybe_recompile pc=0x00000000048e4b44 method=org.gradle.api.specs.NotSpec.isSatisfiedBy(Ljava/lang/Object;)Z @ 5
Event: 12791.700 Thread 0x000000005a1f4800 Uncommon trap: reason=unstable_if action=reinterpret pc=0x00000000046820ec method=java.nio.file.FileTreeWalker.getAttributes(Ljava/nio/file/Path;Z)Ljava/nio/file/attribute/BasicFileAttributes; @ 35
Event: 12791.929 Thread 0x000000005a1f4800 Uncommon trap: reason=class_check action=maybe_recompile pc=0x0000000004a0e08c method=java.io.BufferedOutputStream.write([BII)V @ 20
Event: 12791.929 Thread 0x000000005a1f4800 Uncommon trap: reason=class_check action=maybe_recompile pc=0x0000000004a0e08c method=java.io.BufferedOutputStream.write([BII)V @ 20
Event: 12791.930 Thread 0x000000005a1f4800 Uncommon trap: reason=class_check action=maybe_recompile pc=0x0000000004a0e08c method=java.io.BufferedOutputStream.write([BII)V @ 20
Event: 12791.932 Thread 0x000000005a1f4800 Uncommon trap: reason=class_check action=maybe_recompile pc=0x0000000004a0e08c method=java.io.BufferedOutputStream.write([BII)V @ 20

Classes redefined (0 events):
No events

Internal exceptions (10 events):
Event: 12773.545 Thread 0x000000005bb4f000 Exception <a 'java/lang/NoSuchMethodError': <clinit>> (0x00000000f5cc6cb8) thrown at [D:\src\AOSP-openjdk-cygwin\jdk8u\hotspot\src\share\vm\prims\jni.cpp, line 1613]
Event: 12775.125 Thread 0x000000005bb4f000 Exception <a 'java/lang/NoSuchMethodError': <clinit>> (0x00000000f5d31740) thrown at [D:\src\AOSP-openjdk-cygwin\jdk8u\hotspot\src\share\vm\prims\jni.cpp, line 1613]
Event: 12775.125 Thread 0x000000005bb4f000 Exception <a 'java/lang/NoSuchMethodError': <clinit>> (0x00000000f5d353b8) thrown at [D:\src\AOSP-openjdk-cygwin\jdk8u\hotspot\src\share\vm\prims\jni.cpp, line 1613]
Event: 12775.125 Thread 0x000000005bb4f000 Exception <a 'java/lang/NoSuchMethodError': <clinit>> (0x00000000f5d36ec0) thrown at [D:\src\AOSP-openjdk-cygwin\jdk8u\hotspot\src\share\vm\prims\jni.cpp, line 1613]
Event: 12776.172 Thread 0x000000005bb4f000 Exception <a 'java/lang/ClassNotFoundException': sync_local_repo2811_14gan4kdavgmv3w39adnb0z0zBeanInfo> (0x00000000f5ee0c08) thrown at [D:\src\AOSP-openjdk-cygwin\jdk8u\hotspot\src\share\vm\classfile\systemDictionary.cpp, line 210]
Event: 12776.173 Thread 0x000000005bb4f000 Exception <a 'java/lang/ClassNotFoundException': sync_local_repo2811_14gan4kdavgmv3w39adnb0z0zCustomizer> (0x00000000f5eeb430) thrown at [D:\src\AOSP-openjdk-cygwin\jdk8u\hotspot\src\share\vm\classfile\systemDictionary.cpp, line 210]
Event: 12777.047 Thread 0x000000005bb4f000 Exception <a 'sun/nio/fs/WindowsException'> (0x00000000f9338dd0) thrown at [D:\src\AOSP-openjdk-cygwin\jdk8u\hotspot\src\share\vm\prims\jni.cpp, line 709]
Event: 12785.155 Thread 0x0000000061cc1800 Implicit null exception at 0x00000000033326bd to 0x00000000033332c9
Event: 12790.855 Thread 0x0000000061cc1800 Exception <a 'java/lang/IncompatibleClassChangeError': Found class java.lang.Object, but interface was expected> (0x00000000e3192318) thrown at [D:\src\AOSP-openjdk-cygwin\jdk8u\hotspot\src\share\vm\interpreter\linkResolver.cpp, line 643]
Event: 12813.060 Thread 0x0000000061cc1800 Exception <a 'java/lang/NoSuchMethodError': java.lang.Object.lambda$comparingInt$7b0bb60$1(Ljava/util/function/ToIntFunction;Ljava/lang/Object;Ljava/lang/Object;)I> (0x00000000e42726f0) thrown at [D:\src\AOSP-openjdk-cygwin\jdk8u\hotspot\src\share\vm\inte

Events (10 events):
Event: 12813.372 loading class com/google/common/collect/Tables$ImmutableCell
Event: 12813.372 loading class com/google/common/collect/Tables$ImmutableCell done
Event: 12813.372 loading class com/google/common/collect/Tables$AbstractCell
Event: 12813.372 loading class com/google/common/collect/Tables$AbstractCell done
Event: 12813.374 loading class com/google/common/collect/RegularImmutableTable$Values
Event: 12813.374 loading class com/google/common/collect/RegularImmutableTable$Values done
Event: 12813.374 loading class com/google/common/collect/RegularImmutableTable$CellSet
Event: 12813.374 loading class com/google/common/collect/RegularImmutableTable$CellSet done
Event: 12813.375 loading class com/google/common/collect/DenseImmutableTable
Event: 12813.375 loading class com/google/common/collect/DenseImmutableTable done


Dynamic libraries:
0x000000013f480000 - 0x000000013f4b1000 	C:\Program Files\Android\Android Studio1\jre\bin\java.exe
0x0000000077930000 - 0x0000000077ad9000 	C:\Windows\SYSTEM32\ntdll.dll
0x0000000077810000 - 0x000000007792f000 	C:\Windows\system32\kernel32.dll
0x000007fefda30000 - 0x000007fefda9c000 	C:\Windows\system32\KERNELBASE.dll
0x000007fefe8c0000 - 0x000007fefe99b000 	C:\Windows\system32\ADVAPI32.dll
0x000007feffba0000 - 0x000007feffc3f000 	C:\Windows\system32\msvcrt.dll
0x000007fefe1f0000 - 0x000007fefe20f000 	C:\Windows\SYSTEM32\sechost.dll
0x000007fefdb70000 - 0x000007fefdc9d000 	C:\Windows\system32\RPCRT4.dll
0x0000000077710000 - 0x000000007780a000 	C:\Windows\system32\USER32.dll
0x000007fefe640000 - 0x000007fefe6a7000 	C:\Windows\system32\GDI32.dll
0x000007fefe000000 - 0x000007fefe00e000 	C:\Windows\system32\LPK.dll
0x000007fefdaa0000 - 0x000007fefdb69000 	C:\Windows\system32\USP10.dll
0x000007fefc0c0000 - 0x000007fefc2b4000 	C:\Windows\WinSxS\amd64_microsoft.windows.common-controls_6595b64144ccf1df_6.0.7601.18837_none_fa3b1e3d17594757\COMCTL32.dll
0x000007fefea40000 - 0x000007fefeab1000 	C:\Windows\system32\SHLWAPI.dll
0x000007fefe280000 - 0x000007fefe2ae000 	C:\Windows\system32\IMM32.DLL
0x000007fefe440000 - 0x000007fefe549000 	C:\Windows\system32\MSCTF.dll
0x000007fefd620000 - 0x000007fefd650000 	C:\Windows\system32\nvinitx.dll
0x000007fefd610000 - 0x000007fefd61c000 	C:\Windows\system32\VERSION.dll
0x0000000073de0000 - 0x0000000073de6000 	C:\Program Files\NVIDIA Corporation\CoProcManager\detoured.dll
0x000007fefab60000 - 0x000007fefab98000 	C:\Program Files\NVIDIA Corporation\CoProcManager\nvd3d9wrapx.dll
0x000007fefe010000 - 0x000007fefe1e7000 	C:\Windows\system32\SETUPAPI.dll
0x000007fefd9b0000 - 0x000007fefd9e6000 	C:\Windows\system32\CFGMGR32.dll
0x000007fefdf00000 - 0x000007fefdfd7000 	C:\Windows\system32\OLEAUT32.dll
0x000007fefe6b0000 - 0x000007fefe8b3000 	C:\Windows\system32\ole32.dll
0x000007fefd8f0000 - 0x000007fefd90a000 	C:\Windows\system32\DEVOBJ.dll
0x000007fefab30000 - 0x000007fefab54000 	C:\Program Files\NVIDIA Corporation\CoProcManager\nvdxgiwrapx.dll
0x0000000067a40000 - 0x0000000067b12000 	C:\Program Files\Android\Android Studio1\jre\jre\bin\msvcr100.dll
0x0000000066aa0000 - 0x00000000672de000 	C:\Program Files\Android\Android Studio1\jre\jre\bin\server\jvm.dll
0x000007fefabb0000 - 0x000007fefabb9000 	C:\Windows\system32\WSOCK32.dll
0x000007fefe550000 - 0x000007fefe59d000 	C:\Windows\system32\WS2_32.dll
0x000007fefe210000 - 0x000007fefe218000 	C:\Windows\system32\NSI.dll
0x000007fefa6b0000 - 0x000007fefa6eb000 	C:\Windows\system32\WINMM.dll
0x0000000077b00000 - 0x0000000077b07000 	C:\Windows\system32\PSAPI.DLL
0x000007fefb0d0000 - 0x000007fefb0df000 	C:\Program Files\Android\Android Studio1\jre\jre\bin\verify.dll
0x000007fee75a0000 - 0x000007fee75c9000 	C:\Program Files\Android\Android Studio1\jre\jre\bin\java.dll
0x000007fefb0b0000 - 0x000007fefb0c6000 	C:\Program Files\Android\Android Studio1\jre\jre\bin\zip.dll
0x000007fefeac0000 - 0x000007feff849000 	C:\Windows\system32\SHELL32.dll
0x000007fefd6e0000 - 0x000007fefd6ef000 	C:\Windows\system32\profapi.dll
0x000007fef3810000 - 0x000007fef382a000 	C:\Program Files\Android\Android Studio1\jre\jre\bin\net.dll
0x000007fefce40000 - 0x000007fefce95000 	C:\Windows\system32\mswsock.dll
0x000007fefce30000 - 0x000007fefce37000 	C:\Windows\System32\wship6.dll
0x000007fee7580000 - 0x000007fee7591000 	C:\Program Files\Android\Android Studio1\jre\jre\bin\nio.dll
0x000007fee5300000 - 0x000007fee531e000 	C:\Users\G\.gradle\native\25\windows-amd64\native-platform.dll
0x000007fefb460000 - 0x000007fefb46d000 	C:\Program Files\Android\Android Studio1\jre\jre\bin\management.dll
0x000007fefcea0000 - 0x000007fefceb8000 	C:\Windows\system32\CRYPTSP.dll
0x000007fefcba0000 - 0x000007fefcbe7000 	C:\Windows\system32\rsaenh.dll
0x000007fefd740000 - 0x000007fefd75e000 	C:\Windows\system32\USERENV.dll
0x000007fefd500000 - 0x000007fefd50f000 	C:\Windows\system32\CRYPTBASE.dll
0x000007fefac70000 - 0x000007fefac97000 	C:\Windows\system32\IPHLPAPI.DLL
0x000007fefac60000 - 0x000007fefac6b000 	C:\Windows\system32\WINNSI.DLL
0x000007fefa060000 - 0x000007fefa078000 	C:\Windows\system32\dhcpcsvc.DLL
0x000007fefa040000 - 0x000007fefa051000 	C:\Windows\system32\dhcpcsvc6.DLL
0x000007fee54e0000 - 0x000007fee5504000 	C:\Program Files\Android\Android Studio1\jre\jre\bin\sunec.dll
0x000007fefc6a0000 - 0x000007fefc6a7000 	C:\Windows\System32\wshtcpip.dll
0x000007fefccc0000 - 0x000007fefcd1b000 	C:\Windows\system32\DNSAPI.dll
0x000007fee79f0000 - 0x000007fee79f8000 	C:\Windows\system32\rasadhlp.dll
0x000007fefa090000 - 0x000007fefa0e3000 	C:\Windows\System32\fwpuclnt.dll
0x000007fee5340000 - 0x000007fee534b000 	C:\Program Files\Android\Android Studio1\jre\jre\bin\sunmscapi.dll
0x000007fefd770000 - 0x000007fefd8dd000 	C:\Windows\system32\CRYPT32.dll
0x000007fefd6f0000 - 0x000007fefd6ff000 	C:\Windows\system32\MSASN1.dll
0x000007fefd4a0000 - 0x000007fefd4f7000 	C:\Windows\system32\apphelp.dll

VM Arguments:
jvm_args: -Xmx1536m -Dfile.encoding=windows-1252 -Duser.country=US -Duser.language=en -Duser.variant 
java_command: org.gradle.launcher.daemon.bootstrap.GradleDaemon 4.1
java_class_path (initial): C:\Users\G\.gradle\wrapper\dists\gradle-4.1-all\bzyivzo6n839fup2jbap0tjew\gradle-4.1\lib\gradle-launcher-4.1.jar
Launcher Type: SUN_STANDARD

Environment Variables:
JAVA_HOME=C:\Program Files\Java\jdk1.8.0_121
PATH=C:\ProgramData\Oracle\Java\javapath;C:\Windows\system32;C:\Windows;C:\Windows\System32\Wbem;C:\Windows\System32\WindowsPowerShell\v1.0\;C:\Program Files\Intel\WiFi\bin\;C:\Program Files\Common Files\Intel\WirelessCommon\;C:\Program Files (x86)\NVIDIA Corporation\PhysX\Common;C:\Program Files (x86)\Intel\OpenCL SDK\3.0\bin\x86;C:\Program Files (x86)\Intel\OpenCL SDK\3.0\bin\x64;c:\Program Files (x86)\Microsoft SQL Server\100\Tools\Binn\;c:\Program Files\Microsoft SQL Server\100\Tools\Binn\;c:\Program Files\Microsoft SQL Server\100\DTS\Binn\;C:\Program Files\Intel\WiFi\bin\;C:\Program Files\Common Files\Intel\WirelessCommon\;C:\Users\G\AppData\Local\GitHubDesktop\bin
USERNAME=G
OS=Windows_NT
PROCESSOR_IDENTIFIER=Intel64 Family 6 Model 60 Stepping 3, GenuineIntel



---------------  S Y S T E M  ---------------

OS: Windows 7 , 64 bit Build 7601 (6.1.7601.18869)

CPU:total 8 (initial active 8) (4 cores per cpu, 2 threads per core) family 6 model 60 stepping 3, cmov, cx8, fxsr, mmx, sse, sse2, sse3, ssse3, sse4.1, sse4.2, popcnt, avx, avx2, aes, clmul, erms, lzcnt, ht, tsc, tscinvbit, bmi1, bmi2

Memory: 4k page, physical 8139120k(863204k free), swap 11675064k(21892k free)

vm_info: OpenJDK 64-Bit Server VM (25.152-b01) for windows-amd64 JRE (1.8.0_152-release-915-b01), built by "builder" with MS VC++ 10.0 (VS2010)

time: Sun Mar 11 05:53:52 2018
elapsed time: 12814 seconds (0d 3h 33m 34s)

